# JRE version: OpenJDK Runtime Environment Temurin-17.0.6+10 (17.0.6+10) (build 17.0.6+10)
# Java VM: OpenJDK 64-Bit Server VM Temurin-17.0.6+10 (17.0.6+10, mixed mode, tiered, compressed oops, compressed class ptrs, parallel gc, windows-amd64)
GC Precious Log:
 CPUs: 8 total, 8 available
 Memory: 7987M
 Large Page Support: Disabled
 NUMA Support: Disabled
 Compressed Oops: Enabled (32-bit)
 Alignments: Space 512K, Generation 512K, Heap 2M
 Heap Min Capacity: 100M
 Heap Initial Capacity: 100M
 Heap Max Capacity: 1G
 Pre-touch: Disabled
 Parallel Workers: 8
Heap:
 PSYoungGen      total 5120K, used 2980K [0x00000000eab00000, 0x00000000eb180000, 0x0000000100000000)
  eden space 3584K, 45% used [0x00000000eab00000,0x00000000eac93f68,0x00000000eae80000)
  from space 1536K, 88% used [0x00000000eae80000,0x00000000eafd5220,0x00000000eb000000)
  to   space 1536K, 0% used [0x00000000eb000000,0x00000000eb000000,0x00000000eb180000)
 ParOldGen       total 263168K, used 236302K [0x00000000c0000000, 0x00000000d0100000, 0x00000000eab00000)
  object space 263168K, 89% used [0x00000000c0000000,0x00000000ce6c3a08,0x00000000d0100000)
 Metaspace       used 86003K, committed 87360K, reserved 1130496K
  class space    used 8569K, committed 9216K, reserved 1048576K
GC Heap History (20 events):
Event: 379.028 GC heap before
{Heap before GC invocations=1794 (full 34):
 PSYoungGen      total 5120K, used 5120K [0x00000000eab00000, 0x00000000eb200000, 0x0000000100000000)
  eden space 4608K, 100% used [0x00000000eab00000,0x00000000eaf80000,0x00000000eaf80000)
  from space 512K, 100% used [0x00000000eb180000,0x00000000eb200000,0x00000000eb200000)
  to   space 1024K, 0% used [0x00000000eb000000,0x00000000eb000000,0x00000000eb100000)
 ParOldGen       total 263168K, used 226821K [0x00000000c0000000, 0x00000000d0100000, 0x00000000eab00000)
  object space 263168K, 86% used [0x00000000c0000000,0x00000000cdd81750,0x00000000d0100000)
 Metaspace       used 85990K, committed 87296K, reserved 1130496K
  class space    used 8569K, committed 9216K, reserved 1048576K
}
Event: 379.029 GC heap after
{Heap after GC invocations=1794 (full 34):
 PSYoungGen      total 5632K, used 928K [0x00000000eab00000, 0x00000000eb200000, 0x0000000100000000)
  eden space 4608K, 0% used [0x00000000eab00000,0x00000000eab00000,0x00000000eaf80000)
  from space 1024K, 90% used [0x00000000eb000000,0x00000000eb0e8010,0x00000000eb100000)
  to   space 1024K, 0% used [0x00000000eb100000,0x00000000eb100000,0x00000000eb200000)
 ParOldGen       total 263168K, used 227117K [0x00000000c0000000, 0x00000000d0100000, 0x00000000eab00000)
  object space 263168K, 86% used [0x00000000c0000000,0x00000000cddcb530,0x00000000d0100000)
 Metaspace       used 85990K, committed 87296K, reserved 1130496K
  class space    used 8569K, committed 9216K, reserved 1048576K
}
Event: 379.051 GC heap before
{Heap before GC invocations=1795 (full 34):
 PSYoungGen      total 5632K, used 5536K [0x00000000eab00000, 0x00000000eb200000, 0x0000000100000000)
  eden space 4608K, 100% used [0x00000000eab00000,0x00000000eaf80000,0x00000000eaf80000)
  from space 1024K, 90% used [0x00000000eb000000,0x00000000eb0e8010,0x00000000eb100000)
  to   space 1024K, 0% used [0x00000000eb100000,0x00000000eb100000,0x00000000eb200000)
 ParOldGen       total 263168K, used 227117K [0x00000000c0000000, 0x00000000d0100000, 0x00000000eab00000)
  object space 263168K, 86% used [0x00000000c0000000,0x00000000cddcb530,0x00000000d0100000)
 Metaspace       used 85992K, committed 87296K, reserved 1130496K
  class space    used 8569K, committed 9216K, reserved 1048576K
}
Event: 379.052 GC heap after
{Heap after GC invocations=1795 (full 34):
 PSYoungGen      total 5120K, used 224K [0x00000000eab00000, 0x00000000eb180000, 0x0000000100000000)
  eden space 4608K, 0% used [0x00000000eab00000,0x00000000eab00000,0x00000000eaf80000)
  from space 512K, 43% used [0x00000000eb100000,0x00000000eb138000,0x00000000eb180000)
  to   space 512K, 0% used [0x00000000eb080000,0x00000000eb080000,0x00000000eb100000)
 ParOldGen       total 263168K, used 227837K [0x00000000c0000000, 0x00000000d0100000, 0x00000000eab00000)
  object space 263168K, 86% used [0x00000000c0000000,0x00000000cde7f540,0x00000000d0100000)
 Metaspace       used 85992K, committed 87296K, reserved 1130496K
  class space    used 8569K, committed 9216K, reserved 1048576K
}
Event: 379.140 GC heap before
{Heap before GC invocations=1796 (full 34):
 PSYoungGen      total 5120K, used 4832K [0x00000000eab00000, 0x00000000eb180000, 0x0000000100000000)
  eden space 4608K, 100% used [0x00000000eab00000,0x00000000eaf80000,0x00000000eaf80000)
  from space 512K, 43% used [0x00000000eb100000,0x00000000eb138000,0x00000000eb180000)
  to   space 512K, 0% used [0x00000000eb080000,0x00000000eb080000,0x00000000eb100000)
 ParOldGen       total 263168K, used 227837K [0x00000000c0000000, 0x00000000d0100000, 0x00000000eab00000)
  object space 263168K, 86% used [0x00000000c0000000,0x00000000cde7f540,0x00000000d0100000)
 Metaspace       used 85992K, committed 87296K, reserved 1130496K
  class space    used 8569K, committed 9216K, reserved 1048576K
}
Event: 379.142 GC heap after
{Heap after GC invocations=1796 (full 34):
 PSYoungGen      total 5120K, used 484K [0x00000000eab00000, 0x00000000eb280000, 0x0000000100000000)
  eden space 4608K, 0% used [0x00000000eab00000,0x00000000eab00000,0x00000000eaf80000)
  from space 512K, 94% used [0x00000000eb080000,0x00000000eb0f9210,0x00000000eb100000)
  to   space 1536K, 0% used [0x00000000eb100000,0x00000000eb100000,0x00000000eb280000)
 ParOldGen       total 263168K, used 228517K [0x00000000c0000000, 0x00000000d0100000, 0x00000000eab00000)
  object space 263168K, 86% used [0x00000000c0000000,0x00000000cdf29560,0x00000000d0100000)
 Metaspace       used 85992K, committed 87296K, reserved 1130496K
  class space    used 8569K, committed 9216K, reserved 1048576K
}
Event: 379.160 GC heap before
{Heap before GC invocations=1797 (full 34):
 PSYoungGen      total 5120K, used 5085K [0x00000000eab00000, 0x00000000eb280000, 0x0000000100000000)
  eden space 4608K, 99% used [0x00000000eab00000,0x00000000eaf7e4a8,0x00000000eaf80000)
  from space 512K, 94% used [0x00000000eb080000,0x00000000eb0f9210,0x00000000eb100000)
  to   space 1536K, 0% used [0x00000000eb100000,0x00000000eb100000,0x00000000eb280000)
 ParOldGen       total 263168K, used 228517K [0x00000000c0000000, 0x00000000d0100000, 0x00000000eab00000)
  object space 263168K, 86% used [0x00000000c0000000,0x00000000cdf29560,0x00000000d0100000)
 Metaspace       used 85993K, committed 87296K, reserved 1130496K
  class space    used 8569K, committed 9216K, reserved 1048576K
}
Event: 379.162 GC heap after
{Heap after GC invocations=1797 (full 34):
 PSYoungGen      total 5632K, used 1472K [0x00000000eab00000, 0x00000000eb380000, 0x0000000100000000)
  eden space 4096K, 0% used [0x00000000eab00000,0x00000000eab00000,0x00000000eaf00000)
  from space 1536K, 95% used [0x00000000eb100000,0x00000000eb270010,0x00000000eb280000)
  to   space 2048K, 0% used [0x00000000eaf00000,0x00000000eaf00000,0x00000000eb100000)
 ParOldGen       total 263168K, used 228987K [0x00000000c0000000, 0x00000000d0100000, 0x00000000eab00000)
  object space 263168K, 87% used [0x00000000c0000000,0x00000000cdf9ec10,0x00000000d0100000)
 Metaspace       used 85993K, committed 87296K, reserved 1130496K
  class space    used 8569K, committed 9216K, reserved 1048576K
}
Event: 379.172 GC heap before
{Heap before GC invocations=1798 (full 34):
 PSYoungGen      total 5632K, used 5568K [0x00000000eab00000, 0x00000000eb380000, 0x0000000100000000)
  eden space 4096K, 100% used [0x00000000eab00000,0x00000000eaf00000,0x00000000eaf00000)
  from space 1536K, 95% used [0x00000000eb100000,0x00000000eb270010,0x00000000eb280000)
  to   space 2048K, 0% used [0x00000000eaf00000,0x00000000eaf00000,0x00000000eb100000)
 ParOldGen       total 263168K, used 228987K [0x00000000c0000000, 0x00000000d0100000, 0x00000000eab00000)
  object space 263168K, 87% used [0x00000000c0000000,0x00000000cdf9ec10,0x00000000d0100000)
 Metaspace       used 85995K, committed 87296K, reserved 1130496K
  class space    used 8569K, committed 9216K, reserved 1048576K
}
Event: 379.175 GC heap after
{Heap after GC invocations=1798 (full 34):
 PSYoungGen      total 5120K, used 612K [0x00000000eab00000, 0x00000000eb180000, 0x0000000100000000)
  eden space 4096K, 0% used [0x00000000eab00000,0x00000000eab00000,0x00000000eaf00000)
  from space 1024K, 59% used [0x00000000eaf00000,0x00000000eaf99210,0x00000000eb000000)
  to   space 1024K, 0% used [0x00000000eb080000,0x00000000eb080000,0x00000000eb180000)
 ParOldGen       total 263168K, used 230298K [0x00000000c0000000, 0x00000000d0100000, 0x00000000eab00000)
  object space 263168K, 87% used [0x00000000c0000000,0x00000000ce0e6a00,0x00000000d0100000)
 Metaspace       used 85995K, committed 87296K, reserved 1130496K
  class space    used 8569K, committed 9216K, reserved 1048576K
}
Event: 381.991 GC heap before
{Heap before GC invocations=1799 (full 34):
 PSYoungGen      total 5120K, used 4708K [0x00000000eab00000, 0x00000000eb180000, 0x0000000100000000)
  eden space 4096K, 100% used [0x00000000eab00000,0x00000000eaf00000,0x00000000eaf00000)
  from space 1024K, 59% used [0x00000000eaf00000,0x00000000eaf99210,0x00000000eb000000)
  to   space 1024K, 0% used [0x00000000eb080000,0x00000000eb080000,0x00000000eb180000)
 ParOldGen       total 263168K, used 230298K [0x00000000c0000000, 0x00000000d0100000, 0x00000000eab00000)
  object space 263168K, 87% used [0x00000000c0000000,0x00000000ce0e6a00,0x00000000d0100000)
 Metaspace       used 85995K, committed 87296K, reserved 1130496K
  class space    used 8569K, committed 9216K, reserved 1048576K
}
Event: 381.992 GC heap after
{Heap after GC invocations=1799 (full 34):
 PSYoungGen      total 4608K, used 996K [0x00000000eab00000, 0x00000000eb300000, 0x0000000100000000)
  eden space 3584K, 0% used [0x00000000eab00000,0x00000000eab00000,0x00000000eae80000)
  from space 1024K, 97% used [0x00000000eb080000,0x00000000eb179210,0x00000000eb180000)
  to   space 2048K, 0% used [0x00000000eae80000,0x00000000eae80000,0x00000000eb080000)
 ParOldGen       total 263168K, used 230833K [0x00000000c0000000, 0x00000000d0100000, 0x00000000eab00000)
  object space 263168K, 87% used [0x00000000c0000000,0x00000000ce16c670,0x00000000d0100000)
 Metaspace       used 85995K, committed 87296K, reserved 1130496K
  class space    used 8569K, committed 9216K, reserved 1048576K
}
Event: 382.008 GC heap before
{Heap before GC invocations=1800 (full 34):
 PSYoungGen      total 4608K, used 4580K [0x00000000eab00000, 0x00000000eb300000, 0x0000000100000000)
  eden space 3584K, 100% used [0x00000000eab00000,0x00000000eae80000,0x00000000eae80000)
  from space 1024K, 97% used [0x00000000eb080000,0x00000000eb179210,0x00000000eb180000)
  to   space 2048K, 0% used [0x00000000eae80000,0x00000000eae80000,0x00000000eb080000)
 ParOldGen       total 263168K, used 230833K [0x00000000c0000000, 0x00000000d0100000, 0x00000000eab00000)
  object space 263168K, 87% used [0x00000000c0000000,0x00000000ce16c670,0x00000000d0100000)
 Metaspace       used 85999K, committed 87360K, reserved 1130496K
  class space    used 8569K, committed 9216K, reserved 1048576K
}
Event: 382.009 GC heap after
{Heap after GC invocations=1800 (full 34):
 PSYoungGen      total 5120K, used 1312K [0x00000000eab00000, 0x00000000eb180000, 0x0000000100000000)
  eden space 3584K, 0% used [0x00000000eab00000,0x00000000eab00000,0x00000000eae80000)
  from space 1536K, 85% used [0x00000000eae80000,0x00000000eafc8020,0x00000000eb000000)
  to   space 1536K, 0% used [0x00000000eb000000,0x00000000eb000000,0x00000000eb180000)
 ParOldGen       total 263168K, used 231829K [0x00000000c0000000, 0x00000000d0100000, 0x00000000eab00000)
  object space 263168K, 88% used [0x00000000c0000000,0x00000000ce265508,0x00000000d0100000)
 Metaspace       used 85999K, committed 87360K, reserved 1130496K
  class space    used 8569K, committed 9216K, reserved 1048576K
}
Event: 382.075 GC heap before
{Heap before GC invocations=1801 (full 34):
 PSYoungGen      total 5120K, used 4896K [0x00000000eab00000, 0x00000000eb180000, 0x0000000100000000)
  eden space 3584K, 100% used [0x00000000eab00000,0x00000000eae80000,0x00000000eae80000)
  from space 1536K, 85% used [0x00000000eae80000,0x00000000eafc8020,0x00000000eb000000)
  to   space 1536K, 0% used [0x00000000eb000000,0x00000000eb000000,0x00000000eb180000)
 ParOldGen       total 263168K, used 231829K [0x00000000c0000000, 0x00000000d0100000, 0x00000000eab00000)
  object space 263168K, 88% used [0x00000000c0000000,0x00000000ce265508,0x00000000d0100000)
 Metaspace       used 86003K, committed 87360K, reserved 1130496K
  class space    used 8569K, committed 9216K, reserved 1048576K
}
Event: 382.077 GC heap after
{Heap after GC invocations=1801 (full 34):
 PSYoungGen      total 5120K, used 980K [0x00000000eab00000, 0x00000000eb180000, 0x0000000100000000)
  eden space 3584K, 0% used [0x00000000eab00000,0x00000000eab00000,0x00000000eae80000)
  from space 1536K, 63% used [0x00000000eb000000,0x00000000eb0f5210,0x00000000eb180000)
  to   space 1536K, 0% used [0x00000000eae80000,0x00000000eae80000,0x00000000eb000000)
 ParOldGen       total 263168K, used 233077K [0x00000000c0000000, 0x00000000d0100000, 0x00000000eab00000)
  object space 263168K, 88% used [0x00000000c0000000,0x00000000ce39d528,0x00000000d0100000)
 Metaspace       used 86003K, committed 87360K, reserved 1130496K
  class space    used 8569K, committed 9216K, reserved 1048576K
}
Event: 382.091 GC heap before
{Heap before GC invocations=1802 (full 34):
 PSYoungGen      total 5120K, used 4564K [0x00000000eab00000, 0x00000000eb180000, 0x0000000100000000)
  eden space 3584K, 100% used [0x00000000eab00000,0x00000000eae80000,0x00000000eae80000)
  from space 1536K, 63% used [0x00000000eb000000,0x00000000eb0f5210,0x00000000eb180000)
  to   space 1536K, 0% used [0x00000000eae80000,0x00000000eae80000,0x00000000eb000000)
 ParOldGen       total 263168K, used 233077K [0x00000000c0000000, 0x00000000d0100000, 0x00000000eab00000)
  object space 263168K, 88% used [0x00000000c0000000,0x00000000ce39d528,0x00000000d0100000)
 Metaspace       used 86003K, committed 87360K, reserved 1130496K
  class space    used 8569K, committed 9216K, reserved 1048576K
}
Event: 382.092 GC heap after
{Heap after GC invocations=1802 (full 34):
 PSYoungGen      total 5120K, used 1472K [0x00000000eab00000, 0x00000000eb280000, 0x0000000100000000)
  eden space 3584K, 0% used [0x00000000eab00000,0x00000000eab00000,0x00000000eae80000)
  from space 1536K, 95% used [0x00000000eae80000,0x00000000eaff0020,0x00000000eb000000)
  to   space 2048K, 0% used [0x00000000eb080000,0x00000000eb080000,0x00000000eb280000)
 ParOldGen       total 263168K, used 233914K [0x00000000c0000000, 0x00000000d0100000, 0x00000000eab00000)
  object space 263168K, 88% used [0x00000000c0000000,0x00000000ce46eb50,0x00000000d0100000)
 Metaspace       used 86003K, committed 87360K, reserved 1130496K
  class space    used 8569K, committed 9216K, reserved 1048576K
}
Event: 382.108 GC heap before
{Heap before GC invocations=1803 (full 34):
 PSYoungGen      total 5120K, used 5056K [0x00000000eab00000, 0x00000000eb280000, 0x0000000100000000)
  eden space 3584K, 100% used [0x00000000eab00000,0x00000000eae80000,0x00000000eae80000)
  from space 1536K, 95% used [0x00000000eae80000,0x00000000eaff0020,0x00000000eb000000)
  to   space 2048K, 0% used [0x00000000eb080000,0x00000000eb080000,0x00000000eb280000)
 ParOldGen       total 263168K, used 233914K [0x00000000c0000000, 0x00000000d0100000, 0x00000000eab00000)
  object space 263168K, 88% used [0x00000000c0000000,0x00000000ce46eb50,0x00000000d0100000)
 Metaspace       used 86003K, committed 87360K, reserved 1130496K
  class space    used 8569K, committed 9216K, reserved 1048576K
}
Event: 382.110 GC heap after
{Heap after GC invocations=1803 (full 34):
 PSYoungGen      total 5120K, used 1056K [0x00000000eab00000, 0x00000000eb200000, 0x0000000100000000)
  eden space 3584K, 0% used [0x00000000eab00000,0x00000000eab00000,0x00000000eae80000)
  from space 1536K, 68% used [0x00000000eb080000,0x00000000eb188010,0x00000000eb200000)
  to   space 1536K, 0% used [0x00000000eae80000,0x00000000eae80000,0x00000000eb000000)
 ParOldGen       total 263168K, used 235333K [0x00000000c0000000, 0x00000000d0100000, 0x00000000eab00000)
  object space 263168K, 89% used [0x00000000c0000000,0x00000000ce5d15e0,0x00000000d0100000)
 Metaspace       used 86003K, committed 87360K, reserved 1130496K
  class space    used 8569K, committed 9216K, reserved 1048576K
}

