# JRE version: OpenJDK Runtime Environment Temurin-17.0.6+10 (17.0.6+10) (build 17.0.6+10)
# Java VM: OpenJDK 64-Bit Server VM Temurin-17.0.6+10 (17.0.6+10, mixed mode, emulated-client, tiered, compressed oops, compressed class ptrs, g1 gc, windows-amd64)
GC Precious Log:
 CPUs: 8 total, 8 available
 Memory: 7987M
 Large Page Support: Disabled
 NUMA Support: Disabled
 Compressed Oops: Enabled (32-bit)
 Heap Region Size: 1M
 Heap Min Capacity: 8M
 Heap Initial Capacity: 126M
 Heap Max Capacity: 1G
 Pre-touch: Disabled
 Parallel Workers: 8
 Concurrent Workers: 2
 Concurrent Refinement Workers: 8
 Periodic GC: Disabled
Heap:
 garbage-first heap   total 82944K, used 27621K [0x00000000c0000000, 0x0000000100000000)
  region size 1024K, 1 young (1024K), 0 survivors (0K)
 Metaspace       used 53823K, committed 54208K, reserved 1097728K
  class space    used 6672K, committed 6848K, reserved 1048576K
GC Heap History (20 events):
Event: 6682.258 GC heap before
{Heap before GC invocations=174 (full 156):
 garbage-first heap   total 82944K, used 27621K [0x00000000c0000000, 0x0000000100000000)
  region size 1024K, 1 young (1024K), 0 survivors (0K)
 Metaspace       used 53822K, committed 54208K, reserved 1097728K
  class space    used 6671K, committed 6848K, reserved 1048576K
}
Event: 6682.288 GC heap after
{Heap after GC invocations=175 (full 157):
 garbage-first heap   total 82944K, used 27621K [0x00000000c0000000, 0x0000000100000000)
  region size 1024K, 0 young (0K), 0 survivors (0K)
 Metaspace       used 53822K, committed 54208K, reserved 1097728K
  class space    used 6671K, committed 6848K, reserved 1048576K
}
Event: 6692.421 GC heap before
{Heap before GC invocations=175 (full 157):
 garbage-first heap   total 82944K, used 27621K [0x00000000c0000000, 0x0000000100000000)
  region size 1024K, 1 young (1024K), 0 survivors (0K)
 Metaspace       used 53822K, committed 54208K, reserved 1097728K
  class space    used 6671K, committed 6848K, reserved 1048576K
}
Event: 6692.454 GC heap after
{Heap after GC invocations=176 (full 158):
 garbage-first heap   total 82944K, used 27621K [0x00000000c0000000, 0x0000000100000000)
  region size 1024K, 0 young (0K), 0 survivors (0K)
 Metaspace       used 53822K, committed 54208K, reserved 1097728K
  class space    used 6671K, committed 6848K, reserved 1048576K
}
Event: 6702.590 GC heap before
{Heap before GC invocations=176 (full 158):
 garbage-first heap   total 82944K, used 27621K [0x00000000c0000000, 0x0000000100000000)
  region size 1024K, 1 young (1024K), 0 survivors (0K)
 Metaspace       used 53822K, committed 54208K, reserved 1097728K
  class space    used 6671K, committed 6848K, reserved 1048576K
}
Event: 6702.624 GC heap after
{Heap after GC invocations=177 (full 159):
 garbage-first heap   total 82944K, used 27621K [0x00000000c0000000, 0x0000000100000000)
  region size 1024K, 0 young (0K), 0 survivors (0K)
 Metaspace       used 53822K, committed 54208K, reserved 1097728K
  class space    used 6671K, committed 6848K, reserved 1048576K
}
Event: 6712.747 GC heap before
{Heap before GC invocations=177 (full 159):
 garbage-first heap   total 82944K, used 27621K [0x00000000c0000000, 0x0000000100000000)
  region size 1024K, 1 young (1024K), 0 survivors (0K)
 Metaspace       used 53822K, committed 54208K, reserved 1097728K
  class space    used 6671K, committed 6848K, reserved 1048576K
}
Event: 6712.772 GC heap after
{Heap after GC invocations=178 (full 160):
 garbage-first heap   total 82944K, used 27621K [0x00000000c0000000, 0x0000000100000000)
  region size 1024K, 0 young (0K), 0 survivors (0K)
 Metaspace       used 53822K, committed 54208K, reserved 1097728K
  class space    used 6671K, committed 6848K, reserved 1048576K
}
Event: 6722.899 GC heap before
{Heap before GC invocations=178 (full 160):
 garbage-first heap   total 82944K, used 27621K [0x00000000c0000000, 0x0000000100000000)
  region size 1024K, 1 young (1024K), 0 survivors (0K)
 Metaspace       used 53822K, committed 54208K, reserved 1097728K
  class space    used 6671K, committed 6848K, reserved 1048576K
}
Event: 6722.936 GC heap after
{Heap after GC invocations=179 (full 161):
 garbage-first heap   total 82944K, used 27621K [0x00000000c0000000, 0x0000000100000000)
  region size 1024K, 0 young (0K), 0 survivors (0K)
 Metaspace       used 53822K, committed 54208K, reserved 1097728K
  class space    used 6671K, committed 6848K, reserved 1048576K
}
Event: 6733.062 GC heap before
{Heap before GC invocations=179 (full 161):
 garbage-first heap   total 82944K, used 27621K [0x00000000c0000000, 0x0000000100000000)
  region size 1024K, 1 young (1024K), 0 survivors (0K)
 Metaspace       used 53822K, committed 54208K, reserved 1097728K
  class space    used 6671K, committed 6848K, reserved 1048576K
}
Event: 6733.087 GC heap after
{Heap after GC invocations=180 (full 162):
 garbage-first heap   total 82944K, used 27621K [0x00000000c0000000, 0x0000000100000000)
  region size 1024K, 0 young (0K), 0 survivors (0K)
 Metaspace       used 53822K, committed 54208K, reserved 1097728K
  class space    used 6671K, committed 6848K, reserved 1048576K
}
Event: 6743.236 GC heap before
{Heap before GC invocations=180 (full 162):
 garbage-first heap   total 82944K, used 27621K [0x00000000c0000000, 0x0000000100000000)
  region size 1024K, 1 young (1024K), 0 survivors (0K)
 Metaspace       used 53822K, committed 54208K, reserved 1097728K
  class space    used 6671K, committed 6848K, reserved 1048576K
}
Event: 6743.260 GC heap after
{Heap after GC invocations=181 (full 163):
 garbage-first heap   total 82944K, used 27621K [0x00000000c0000000, 0x0000000100000000)
  region size 1024K, 0 young (0K), 0 survivors (0K)
 Metaspace       used 53822K, committed 54208K, reserved 1097728K
  class space    used 6671K, committed 6848K, reserved 1048576K
}
Event: 6753.423 GC heap before
{Heap before GC invocations=181 (full 163):
 garbage-first heap   total 82944K, used 27621K [0x00000000c0000000, 0x0000000100000000)
  region size 1024K, 1 young (1024K), 0 survivors (0K)
 Metaspace       used 53822K, committed 54208K, reserved 1097728K
  class space    used 6671K, committed 6848K, reserved 1048576K
}
Event: 6753.458 GC heap after
{Heap after GC invocations=182 (full 164):
 garbage-first heap   total 82944K, used 27621K [0x00000000c0000000, 0x0000000100000000)
  region size 1024K, 0 young (0K), 0 survivors (0K)
 Metaspace       used 53822K, committed 54208K, reserved 1097728K
  class space    used 6671K, committed 6848K, reserved 1048576K
}
Event: 6763.598 GC heap before
{Heap before GC invocations=182 (full 164):
 garbage-first heap   total 82944K, used 27621K [0x00000000c0000000, 0x0000000100000000)
  region size 1024K, 1 young (1024K), 0 survivors (0K)
 Metaspace       used 53822K, committed 54208K, reserved 1097728K
  class space    used 6671K, committed 6848K, reserved 1048576K
}
Event: 6763.628 GC heap after
{Heap after GC invocations=183 (full 165):
 garbage-first heap   total 82944K, used 27621K [0x00000000c0000000, 0x0000000100000000)
  region size 1024K, 0 young (0K), 0 survivors (0K)
 Metaspace       used 53822K, committed 54208K, reserved 1097728K
  class space    used 6671K, committed 6848K, reserved 1048576K
}
Event: 6773.808 GC heap before
{Heap before GC invocations=183 (full 165):
 garbage-first heap   total 82944K, used 27621K [0x00000000c0000000, 0x0000000100000000)
  region size 1024K, 1 young (1024K), 0 survivors (0K)
 Metaspace       used 53822K, committed 54208K, reserved 1097728K
  class space    used 6671K, committed 6848K, reserved 1048576K
}
Event: 6773.837 GC heap after
{Heap after GC invocations=184 (full 166):
 garbage-first heap   total 82944K, used 27621K [0x00000000c0000000, 0x0000000100000000)
  region size 1024K, 0 young (0K), 0 survivors (0K)
 Metaspace       used 53822K, committed 54208K, reserved 1097728K
  class space    used 6671K, committed 6848K, reserved 1048576K
}

